2025-03-01 15:46:54.085  INFO 18172 --- [demo1] [main] com.example.demo1.Demo1Application       : Starting Demo1Application using Java 17.0.11 with PID 18172 (E:\Kevin\De Kevin\Universidad\Posgrado\Compunet 2\Compunet 2 Curso 2025\compu2-public\Semana 5\demo2\build\classes\java\main started by Kelocoes in E:\Kevin\De Kevin\Universidad\Posgrado\Compunet 2\Compunet 2 Curso 2025\compu2-public\Semana 5\demo2)
2025-03-01 15:46:54.090 DEBUG 18172 --- [demo1] [main] com.example.demo1.Demo1Application       : Running with Spring Boot v3.4.3, Spring v6.2.3
2025-03-01 15:46:54.090  INFO 18172 --- [demo1] [main] com.example.demo1.Demo1Application       : No active profile set, falling back to 1 default profile: "default"
2025-03-01 15:46:56.536  WARN 18172 --- [demo1] [main] JpaBaseConfiguration$JpaWebConfiguration : spring.jpa.open-in-view is enabled by default. Therefore, database queries may be performed during view rendering. Explicitly configure spring.jpa.open-in-view to disable this warning
2025-03-01 15:46:56.742  INFO 18172 --- [demo1] [main] com.example.demo1.Demo1Application       : Started Demo1Application in 2.99 seconds (process running for 3.27)
2025-03-01 15:47:34.834  INFO 9820 --- [demo1] [main] com.example.demo1.Demo1Application       : Starting Demo1Application using Java 17.0.11 with PID 9820 (E:\Kevin\De Kevin\Universidad\Posgrado\Compunet 2\Compunet 2 Curso 2025\compu2-public\Semana 5\demo2\build\classes\java\main started by Kelocoes in E:\Kevin\De Kevin\Universidad\Posgrado\Compunet 2\Compunet 2 Curso 2025\compu2-public\Semana 5\demo2)
2025-03-01 15:47:34.836 DEBUG 9820 --- [demo1] [main] com.example.demo1.Demo1Application       : Running with Spring Boot v3.4.3, Spring v6.2.3
2025-03-01 15:47:34.837  INFO 9820 --- [demo1] [main] com.example.demo1.Demo1Application       : No active profile set, falling back to 1 default profile: "default"
2025-03-01 15:47:37.205  WARN 9820 --- [demo1] [main] JpaBaseConfiguration$JpaWebConfiguration : spring.jpa.open-in-view is enabled by default. Therefore, database queries may be performed during view rendering. Explicitly configure spring.jpa.open-in-view to disable this warning
2025-03-01 15:47:37.417  INFO 9820 --- [demo1] [main] com.example.demo1.Demo1Application       : Started Demo1Application in 2.899 seconds (process running for 3.171)
2025-03-01 15:50:01.754  INFO 8940 --- [demo1] [main] com.example.demo1.Demo1Application       : Starting Demo1Application using Java 17.0.11 with PID 8940 (E:\Kevin\De Kevin\Universidad\Posgrado\Compunet 2\Compunet 2 Curso 2025\compu2-public\Semana 5\demo2\build\classes\java\main started by Kelocoes in E:\Kevin\De Kevin\Universidad\Posgrado\Compunet 2\Compunet 2 Curso 2025\compu2-public\Semana 5\demo2)
2025-03-01 15:50:01.755 DEBUG 8940 --- [demo1] [main] com.example.demo1.Demo1Application       : Running with Spring Boot v3.4.3, Spring v6.2.3
2025-03-01 15:50:01.756  INFO 8940 --- [demo1] [main] com.example.demo1.Demo1Application       : No active profile set, falling back to 1 default profile: "default"
2025-03-01 15:50:04.359  WARN 8940 --- [demo1] [main] JpaBaseConfiguration$JpaWebConfiguration : spring.jpa.open-in-view is enabled by default. Therefore, database queries may be performed during view rendering. Explicitly configure spring.jpa.open-in-view to disable this warning
2025-03-01 15:50:04.582  INFO 8940 --- [demo1] [main] com.example.demo1.Demo1Application       : Started Demo1Application in 3.151 seconds (process running for 3.42)
2025-03-01 15:50:44.632  INFO 18848 --- [demo1] [main] com.example.demo1.Demo1Application       : Starting Demo1Application using Java 17.0.11 with PID 18848 (E:\Kevin\De Kevin\Universidad\Posgrado\Compunet 2\Compunet 2 Curso 2025\compu2-public\Semana 5\demo2\build\classes\java\main started by Kelocoes in E:\Kevin\De Kevin\Universidad\Posgrado\Compunet 2\Compunet 2 Curso 2025\compu2-public\Semana 5\demo2)
2025-03-01 15:50:44.633 DEBUG 18848 --- [demo1] [main] com.example.demo1.Demo1Application       : Running with Spring Boot v3.4.3, Spring v6.2.3
2025-03-01 15:50:44.634  INFO 18848 --- [demo1] [main] com.example.demo1.Demo1Application       : No active profile set, falling back to 1 default profile: "default"
2025-03-01 15:50:47.000  WARN 18848 --- [demo1] [main] JpaBaseConfiguration$JpaWebConfiguration : spring.jpa.open-in-view is enabled by default. Therefore, database queries may be performed during view rendering. Explicitly configure spring.jpa.open-in-view to disable this warning
2025-03-01 15:50:47.212  INFO 18848 --- [demo1] [main] com.example.demo1.Demo1Application       : Started Demo1Application in 2.898 seconds (process running for 3.173)
